***********************************************************************
*
*	DYNAMIC LINK AND INDIRECT ALLOCATION LISTING FOR: service_robot_safety_controller
*
***********************************************************************


***************************************************
	 FIRST CODE AREA
***************************************************

***************************************************
	 DATABLOCK PATCHES
***************************************************
*
* List of data blocks that will be checked run-time for consistency with
* their definition available at compile-time
*
*
*	REQUIREMENTS for DATA BLOCK %Q1
*		Process image: 0
*		Number of elements: 4
*		Data size (bytes): 4
0000	00 02 01 00 04 00 00 00 04 00 00 00 

*
*	REQUIREMENTS for DATA BLOCK %M201
*		Process image: 0
*		Number of elements: 512
*		Data size (bytes): 2
000C	00 00 C9 00 00 02 00 00 02 00 00 00 

*
*	REQUIREMENTS for DATA BLOCK %Q0
*		Process image: 0
*		Number of elements: 8
*		Data size (bytes): 1
0018	00 02 00 00 08 00 00 00 01 00 00 00 

*
*	REQUIREMENTS for DATA BLOCK %M60000
*		Process image: 0
*		Number of elements: 1
*		Data size (bytes): 4
0024	00 00 60 EA 01 00 00 00 04 00 00 00 

*
*	REQUIREMENTS for DATA BLOCK %I0
*		Process image: 0
*		Number of elements: 8
*		Data size (bytes): 1
0030	00 01 00 00 08 00 00 00 01 00 00 00 

*
* List of all references to data allocated on data blocks
* along with the whole information required by the run-time linker
*
*
*	1 REFERENCE(S) TO 32-BIT VAR AT BYTE #4 OF DATA BLOCK %Q1
0000	00 00 01 00 04 00 00 00 02 04 01 00 

*		Instruction type: 0x00
*		Code offset: 0x00000624
000C	24 06 00 00 

*
*	1 REFERENCE(S) TO 8-BIT VAR AT BYTE #4 OF DATA BLOCK %Q0
0010	00 00 00 00 04 00 00 00 02 01 01 00 

*		Instruction type: 0x00
*		Code offset: 0x000003C8
001C	C8 03 00 00 

*
*	1 REFERENCE(S) TO 32-BIT VAR AT BYTE #0 OF DATA BLOCK %Q1
0020	00 00 01 00 00 00 00 00 02 04 01 00 

*		Instruction type: 0x00
*		Code offset: 0x00000620
002C	20 06 00 00 

*
*	1 REFERENCE(S) TO 8-BIT VAR AT BYTE #5 OF DATA BLOCK %Q0
0030	00 00 00 00 05 00 00 00 02 01 01 00 

*		Instruction type: 0x00
*		Code offset: 0x000003CC
003C	CC 03 00 00 

*
*	1 REFERENCE(S) TO 8-BIT VAR AT BYTE #0 OF DATA BLOCK %I0
0040	00 00 00 00 00 00 00 00 01 01 01 00 

*		Instruction type: 0x00
*		Code offset: 0x000003D0
004C	D0 03 00 00 

*
*	1 REFERENCE(S) TO 32-BIT VAR AT BYTE #8 OF DATA BLOCK %Q1
0050	00 00 01 00 08 00 00 00 02 04 01 00 

*		Instruction type: 0x00
*		Code offset: 0x00000628
005C	28 06 00 00 

*
*	1 REFERENCE(S) TO 32-BIT VAR AT BYTE #4 OF DATA BLOCK %M201
0060	00 00 C9 00 04 00 00 00 00 04 01 00 

*		Instruction type: 0x00
*		Code offset: 0x00000618
006C	18 06 00 00 

*
*	1 REFERENCE(S) TO 16-BIT VAR AT BYTE #0 OF DATA BLOCK %M201
0070	00 00 C9 00 00 00 00 00 00 02 01 00 

*		Instruction type: 0x00
*		Code offset: 0x000006E8
007C	E8 06 00 00 

*
*	1 REFERENCE(S) TO 8-BIT VAR AT BYTE #1 OF DATA BLOCK %Q0
0080	00 00 00 00 01 00 00 00 02 01 01 00 

*		Instruction type: 0x00
*		Code offset: 0x000004B4
008C	B4 04 00 00 

*
*	2 REFERENCE(S) TO 8-BIT VAR AT BYTE #2 OF DATA BLOCK %Q0
0090	00 00 00 00 02 00 00 00 02 01 02 00 

*		Instruction type: 0x00
*		Code offset: 0x000003C0
009C	C0 03 00 00 

*		Instruction type: 0x00
*		Code offset: 0x0000099C
00A0	9C 09 00 00 

*
*	2 REFERENCE(S) TO 32-BIT VAR AT BYTE #0 OF DATA BLOCK %M60000
00A4	00 00 60 EA 00 00 00 00 00 04 02 00 

*		Instruction type: 0x00
*		Code offset: 0x000001FC
00B0	FC 01 00 00 

*		Instruction type: 0x00
*		Code offset: 0x00000268
00B4	68 02 00 00 

*
*	1 REFERENCE(S) TO 32-BIT VAR AT BYTE #0 OF DATA BLOCK %M201
00B8	00 00 C9 00 00 00 00 00 00 04 01 00 

*		Instruction type: 0x00
*		Code offset: 0x00000614
00C4	14 06 00 00 

*
*	2 REFERENCE(S) TO 8-BIT VAR AT BYTE #3 OF DATA BLOCK %Q0
00C8	00 00 00 00 03 00 00 00 02 01 02 00 

*		Instruction type: 0x00
*		Code offset: 0x000003C4
00D4	C4 03 00 00 

*		Instruction type: 0x00
*		Code offset: 0x000009A0
00D8	A0 09 00 00 

*
*	1 REFERENCE(S) TO 32-BIT VAR AT BYTE #12 OF DATA BLOCK %Q1
00DC	00 00 01 00 0C 00 00 00 02 04 01 00 

*		Instruction type: 0x00
*		Code offset: 0x0000062C
00E8	2C 06 00 00 

*
*	2 REFERENCE(S) TO 8-BIT VAR AT BYTE #0 OF DATA BLOCK %Q0
00EC	00 00 00 00 00 00 00 00 02 01 02 00 

*		Instruction type: 0x00
*		Code offset: 0x000003BC
00F8	BC 03 00 00 

*		Instruction type: 0x00
*		Code offset: 0x0000061C
00FC	1C 06 00 00 


***************************************************
	 FUNCTION PATCHES
***************************************************

NAME: sysCfgAO  - NUM: 1
	 Patch - TYPE: 0x0 - CODE OFFSET: 0x0000091C

NAME: sysDBase_SetExtTable  - NUM: 1
	 Patch - TYPE: 0x0 - CODE OFFSET: 0x000006D8

NAME: sysCfgProgDIO  - NUM: 1
	 Patch - TYPE: 0x0 - CODE OFFSET: 0x00000924

NAME: sysCfgProgDIOs  - NUM: 1
	 Patch - TYPE: 0x0 - CODE OFFSET: 0x00000920

NAME: sysCfgTempProbe  - NUM: 1
	 Patch - TYPE: 0x0 - CODE OFFSET: 0x0000092C

NAME: sysCfgTempProbes  - NUM: 1
	 Patch - TYPE: 0x0 - CODE OFFSET: 0x00000928

NAME: sysCfgDOs  - NUM: 1
	 Patch - TYPE: 0x0 - CODE OFFSET: 0x00000914

NAME: ABS_REAL  - NUM: 1
	 Patch - TYPE: 0x0 - CODE OFFSET: 0x00000600

NAME: sysCfgAIs  - NUM: 1
	 Patch - TYPE: 0x0 - CODE OFFSET: 0x00000918
